<?xml version="1.0" encoding="UTF-8"?>
<!-- Generated by org.testng.reporters.JUnitReportReporter -->
<testsuite skipped="0" hostname="RSI1516" name="br.com.rsinet.hub_tdd.Test.Produto_CategoriaSucessoTest" tests="1" failures="0" timestamp="2020-01-20T15:12:38 BRT" time="14.183" errors="0">
  <testcase name="PesquisaProdutoCategoria" time="14.183" classname="br.com.rsinet.hub_tdd.Test.Produto_CategoriaSucessoTest"/>
</testsuite> <!-- br.com.rsinet.hub_tdd.Test.Produto_CategoriaSucessoTest -->
