<?xml version="1.0" encoding="UTF-8"?>
<!-- Generated by org.testng.reporters.JUnitReportReporter -->
<testsuite skipped="0" hostname="RSI1516" name="br.com.rsinet.hub_tdd.Test.Produto_CategoriaErro" tests="1" failures="0" timestamp="2020-01-21T16:54:59 BRT" time="13.867" errors="0">
  <testcase name="PesquisaProdutoCategoria" time="13.867" classname="br.com.rsinet.hub_tdd.Test.Produto_CategoriaErro"/>
  <system-out/>
</testsuite> <!-- br.com.rsinet.hub_tdd.Test.Produto_CategoriaErro -->
