<?xml version="1.0" encoding="UTF-8"?>
<!-- Generated by org.testng.reporters.JUnitReportReporter -->
<testsuite skipped="0" hostname="RSI1516" name="br.com.rsinet.hub_tdd.Test.BuscaProdutoErro" tests="1" failures="0" timestamp="2020-01-21T16:52:26 BRT" time="15.193" errors="0">
  <testcase name="ProdutoErro" time="15.193" classname="br.com.rsinet.hub_tdd.Test.BuscaProdutoErro"/>
  <system-out/>
</testsuite> <!-- br.com.rsinet.hub_tdd.Test.BuscaProdutoErro -->
