<?xml version="1.0" encoding="UTF-8"?>
<!-- Generated by org.testng.reporters.JUnitReportReporter -->
<testsuite skipped="0" hostname="RSI1516" name="br.com.rsinet.hub_tdd.Test.LoginTesteSucesso" tests="1" failures="0" timestamp="2020-01-20T15:21:38 BRT" time="17.803" errors="0">
  <testcase name="CadastroPossitivo" time="17.803" classname="br.com.rsinet.hub_tdd.Test.LoginTesteSucesso"/>
</testsuite> <!-- br.com.rsinet.hub_tdd.Test.LoginTesteSucesso -->
