<?xml version="1.0" encoding="UTF-8"?>
<!-- Generated by org.testng.reporters.JUnitReportReporter -->
<testsuite skipped="0" hostname="RSI1516" name="br.com.rsinet.hub_tdd.Test.Produto_CategoriaSucessoTest" tests="1" failures="0" timestamp="2020-01-21T16:55:25 BRT" time="13.421" errors="0">
  <testcase name="PesquisaProdutoCategoria" time="13.421" classname="br.com.rsinet.hub_tdd.Test.Produto_CategoriaSucessoTest"/>
  <system-out/>
</testsuite> <!-- br.com.rsinet.hub_tdd.Test.Produto_CategoriaSucessoTest -->
