<?xml version="1.0" encoding="UTF-8"?>
<!-- Generated by org.testng.reporters.JUnitReportReporter -->
<testsuite skipped="0" hostname="RSI1516" name="br.com.rsinet.hub_tdd.Test.BuscaProdutoSucesso" tests="1" failures="0" timestamp="2020-01-21T16:52:51 BRT" time="14.418" errors="0">
  <testcase name="ProdutoSucesso" time="14.418" classname="br.com.rsinet.hub_tdd.Test.BuscaProdutoSucesso"/>
  <system-out/>
</testsuite> <!-- br.com.rsinet.hub_tdd.Test.BuscaProdutoSucesso -->
