<?xml version="1.0" encoding="UTF-8"?>
<!-- Generated by org.testng.reporters.JUnitReportReporter -->
<testsuite skipped="0" hostname="RSI1516" name="br.com.rsinet.hub_tdd.Test.Produto_CategoriaErro" tests="1" failures="0" timestamp="2020-01-20T15:29:57 BRT" time="13.182" errors="0">
  <testcase name="PesquisaProdutoCategoria" time="13.182" classname="br.com.rsinet.hub_tdd.Test.Produto_CategoriaErro"/>
</testsuite> <!-- br.com.rsinet.hub_tdd.Test.Produto_CategoriaErro -->
