<?xml version="1.0" encoding="UTF-8"?>
<!-- Generated by org.testng.reporters.JUnitReportReporter -->
<testsuite skipped="0" hostname="RSI1516" name="br.com.rsinet.hub_tdd.Test.LoginTesteNegativo" tests="1" failures="0" timestamp="2020-01-21T16:53:17 BRT" time="9.971" errors="0">
  <testcase name="ExecuteComErro" time="9.971" classname="br.com.rsinet.hub_tdd.Test.LoginTesteNegativo"/>
  <system-out/>
</testsuite> <!-- br.com.rsinet.hub_tdd.Test.LoginTesteNegativo -->
