<?xml version="1.0" encoding="UTF-8"?>
<!-- Generated by org.testng.reporters.JUnitReportReporter -->
<testsuite skipped="0" hostname="RSI1516" name="br.com.rsinet.hub_tdd.Test.LoginTesteSucesso" tests="1" failures="0" timestamp="2020-01-21T17:49:35 BRT" time="16.716" errors="0">
  <testcase name="CadastroPossitivo" time="16.716" classname="br.com.rsinet.hub_tdd.Test.LoginTesteSucesso"/>
  <system-out/>
</testsuite> <!-- br.com.rsinet.hub_tdd.Test.LoginTesteSucesso -->
