<?xml version="1.0" encoding="UTF-8"?>
<!-- Generated by org.testng.reporters.JUnitReportReporter -->
<testsuite skipped="0" hostname="RSI1516" name="br.com.rsinet.hub_tdd.Test.LoginTesteNegativo" tests="1" failures="0" timestamp="2020-01-20T15:22:08 BRT" time="10.785" errors="0">
  <testcase name="ExecuteComErro" time="10.785" classname="br.com.rsinet.hub_tdd.Test.LoginTesteNegativo"/>
</testsuite> <!-- br.com.rsinet.hub_tdd.Test.LoginTesteNegativo -->
